<?xml version="1.0" encoding="UTF-8"?>
<testsuite xmlns:xsi="http://www.w3.org/2001/XMLSchema-instance" xsi:noNamespaceSchemaLocation="https://maven.apache.org/surefire/maven-surefire-plugin/xsd/surefire-test-report-3.0.xsd" version="3.0" name="edu.washburn.cis.ichabot.search.SearchTest" time="0.068" tests="1" errors="0" skipped="0" failures="0">
  <properties>
[...]
</properties>
  <testcase name="testNPuzzle" classname="edu.washburn.cis.ichabot.search.SearchTest" time="0.057">
    <system-out><![CDATA[Time: 34
678
1 2 3 
4 5 6 
7 8 0 

LEFT
1 2 3 
4 5 6 
7 0 8 

LEFT
1 2 3 
4 5 6 
0 7 8 

UP
1 2 3 
0 5 6 
4 7 8 

RIGHT
1 2 3 
5 0 6 
4 7 8 

RIGHT
1 2 3 
5 6 0 
4 7 8 

DOWN
1 2 3 
5 6 8 
4 7 0 

LEFT
1 2 3 
5 6 8 
4 0 7 

UP
1 2 3 
5 0 8 
4 6 7 

LEFT
1 2 3 
0 5 8 
4 6 7 

DOWN
1 2 3 
4 5 8 
0 6 7 

RIGHT
1 2 3 
4 5 8 
6 0 7 

RIGHT
1 2 3 
4 5 8 
6 7 0 

UP
1 2 3 
4 5 0 
6 7 8 

]]></system-out>
  </testcase>
</testsuite>